<?xml version="1.0" encoding="UTF-8"?>
<testng-results ignored="0" total="1" passed="1" failed="0" skipped="0">
  <reporter-output>
  </reporter-output>
  <suite started-at="2020-05-18T09:50:53 IST" name="Default suite" finished-at="2020-05-18T09:50:53 IST" duration-ms="53">
    <groups>
    </groups>
    <test started-at="2020-05-18T09:50:53 IST" name="Default test" finished-at="2020-05-18T09:50:53 IST" duration-ms="53">
      <class name="Test.Testclass">
        <test-method signature="Demo()[pri:0, instance:Test.Testclass@4387b79e]" started-at="2020-05-18T09:50:53 IST" name="Demo" finished-at="2020-05-18T09:50:53 IST" duration-ms="12" status="PASS">
          <reporter-output>
          </reporter-output>
        </test-method> <!-- Demo -->
      </class> <!-- Test.Testclass -->
    </test> <!-- Default test -->
  </suite> <!-- Default suite -->
</testng-results>
